[0.012s] Invoking command in '/home/kiranraj/robot_ws/build/my_robot_description': CMAKE_PREFIX_PATH=${CMAKE_PREFIX_PATH}:/home/kiranraj/ws_moveit2/install/moveit_configs_utils:/home/kiranraj/ws_moveit2/install/launch_param_builder:/home/kiranraj/ros2_ws/install/my_py_pkg:/opt/ros/humble /usr/bin/cmake /home/kiranraj/robot_ws/src/my_robot_description -DAMENT_CMAKE_SYMLINK_INSTALL=1 -DCMAKE_INSTALL_PREFIX=/home/kiranraj/robot_ws/install/my_robot_description
[0.025s] -- Found ament_cmake: 1.3.11 (/opt/ros/humble/share/ament_cmake/cmake)
[0.115s] -- Override CMake install command with custom implementation using symlinks instead of copying resources
[0.173s] -- Configuring done
[0.175s] -- Generating done
[0.176s] -- Build files have been written to: /home/kiranraj/robot_ws/build/my_robot_description
[0.179s] Invoked command in '/home/kiranraj/robot_ws/build/my_robot_description' returned '0': CMAKE_PREFIX_PATH=${CMAKE_PREFIX_PATH}:/home/kiranraj/ws_moveit2/install/moveit_configs_utils:/home/kiranraj/ws_moveit2/install/launch_param_builder:/home/kiranraj/ros2_ws/install/my_py_pkg:/opt/ros/humble /usr/bin/cmake /home/kiranraj/robot_ws/src/my_robot_description -DAMENT_CMAKE_SYMLINK_INSTALL=1 -DCMAKE_INSTALL_PREFIX=/home/kiranraj/robot_ws/install/my_robot_description
[0.180s] Invoking command in '/home/kiranraj/robot_ws/build/my_robot_description': CMAKE_PREFIX_PATH=${CMAKE_PREFIX_PATH}:/home/kiranraj/ws_moveit2/install/moveit_configs_utils:/home/kiranraj/ws_moveit2/install/launch_param_builder:/home/kiranraj/ros2_ws/install/my_py_pkg:/opt/ros/humble /usr/bin/cmake --build /home/kiranraj/robot_ws/build/my_robot_description -- -j16 -l16
[0.219s] Invoked command in '/home/kiranraj/robot_ws/build/my_robot_description' returned '0': CMAKE_PREFIX_PATH=${CMAKE_PREFIX_PATH}:/home/kiranraj/ws_moveit2/install/moveit_configs_utils:/home/kiranraj/ws_moveit2/install/launch_param_builder:/home/kiranraj/ros2_ws/install/my_py_pkg:/opt/ros/humble /usr/bin/cmake --build /home/kiranraj/robot_ws/build/my_robot_description -- -j16 -l16
[0.229s] Invoking command in '/home/kiranraj/robot_ws/build/my_robot_description': CMAKE_PREFIX_PATH=${CMAKE_PREFIX_PATH}:/home/kiranraj/ws_moveit2/install/moveit_configs_utils:/home/kiranraj/ws_moveit2/install/launch_param_builder:/home/kiranraj/ros2_ws/install/my_py_pkg:/opt/ros/humble /usr/bin/cmake --install /home/kiranraj/robot_ws/build/my_robot_description
[0.238s] -- Install configuration: ""
[0.238s] -- Execute custom install script
[0.239s] -- Symlinking: /home/kiranraj/robot_ws/install/my_robot_description/share/my_robot_description//urdf/my_robot.urdf.xacro
[0.250s] -- Symlinking: /home/kiranraj/robot_ws/install/my_robot_description/share/my_robot_description//launch/display.launch.py
[0.264s] -- Symlinking: /home/kiranraj/robot_ws/install/my_robot_description/share/my_robot_description//launch/display.launch.xml
[0.272s] -- Symlinking: /home/kiranraj/robot_ws/install/my_robot_description/share/my_robot_description//rviz/urdf_config.rviz
[0.281s] -- Symlinking: /home/kiranraj/robot_ws/install/my_robot_description/share/ament_index/resource_index/package_run_dependencies/my_robot_description
[0.290s] -- Symlinking: /home/kiranraj/robot_ws/install/my_robot_description/share/ament_index/resource_index/parent_prefix_path/my_robot_description
[0.298s] -- Symlinking: /home/kiranraj/robot_ws/install/my_robot_description/share/my_robot_description/environment/ament_prefix_path.sh
[0.306s] -- Symlinking: /home/kiranraj/robot_ws/install/my_robot_description/share/my_robot_description/environment/ament_prefix_path.dsv
[0.314s] -- Symlinking: /home/kiranraj/robot_ws/install/my_robot_description/share/my_robot_description/environment/path.sh
[0.322s] -- Symlinking: /home/kiranraj/robot_ws/install/my_robot_description/share/my_robot_description/environment/path.dsv
[0.331s] -- Symlinking: /home/kiranraj/robot_ws/install/my_robot_description/share/my_robot_description/local_setup.bash
[0.339s] -- Symlinking: /home/kiranraj/robot_ws/install/my_robot_description/share/my_robot_description/local_setup.sh
[0.348s] -- Symlinking: /home/kiranraj/robot_ws/install/my_robot_description/share/my_robot_description/local_setup.zsh
[0.356s] -- Symlinking: /home/kiranraj/robot_ws/install/my_robot_description/share/my_robot_description/local_setup.dsv
[0.364s] -- Symlinking: /home/kiranraj/robot_ws/install/my_robot_description/share/my_robot_description/package.dsv
[0.371s] -- Symlinking: /home/kiranraj/robot_ws/install/my_robot_description/share/ament_index/resource_index/packages/my_robot_description
[0.379s] -- Symlinking: /home/kiranraj/robot_ws/install/my_robot_description/share/my_robot_description/cmake/my_robot_descriptionConfig.cmake
[0.387s] -- Symlinking: /home/kiranraj/robot_ws/install/my_robot_description/share/my_robot_description/cmake/my_robot_descriptionConfig-version.cmake
[0.395s] -- Symlinking: /home/kiranraj/robot_ws/install/my_robot_description/share/my_robot_description/package.xml
[0.403s] Invoked command in '/home/kiranraj/robot_ws/build/my_robot_description' returned '0': CMAKE_PREFIX_PATH=${CMAKE_PREFIX_PATH}:/home/kiranraj/ws_moveit2/install/moveit_configs_utils:/home/kiranraj/ws_moveit2/install/launch_param_builder:/home/kiranraj/ros2_ws/install/my_py_pkg:/opt/ros/humble /usr/bin/cmake --install /home/kiranraj/robot_ws/build/my_robot_description
