[0.011s] Invoking command in '/home/kiranraj/robot_ws/build/my_robot_description': CMAKE_PREFIX_PATH=${CMAKE_PREFIX_PATH}:/home/kiranraj/ws_moveit2/install/moveit_configs_utils:/home/kiranraj/ws_moveit2/install/launch_param_builder:/home/kiranraj/ros2_ws/install/my_py_pkg:/opt/ros/humble /usr/bin/cmake --build /home/kiranraj/robot_ws/build/my_robot_description -- -j16 -l16
[0.050s] Invoked command in '/home/kiranraj/robot_ws/build/my_robot_description' returned '0': CMAKE_PREFIX_PATH=${CMAKE_PREFIX_PATH}:/home/kiranraj/ws_moveit2/install/moveit_configs_utils:/home/kiranraj/ws_moveit2/install/launch_param_builder:/home/kiranraj/ros2_ws/install/my_py_pkg:/opt/ros/humble /usr/bin/cmake --build /home/kiranraj/robot_ws/build/my_robot_description -- -j16 -l16
[0.060s] Invoking command in '/home/kiranraj/robot_ws/build/my_robot_description': CMAKE_PREFIX_PATH=${CMAKE_PREFIX_PATH}:/home/kiranraj/ws_moveit2/install/moveit_configs_utils:/home/kiranraj/ws_moveit2/install/launch_param_builder:/home/kiranraj/ros2_ws/install/my_py_pkg:/opt/ros/humble /usr/bin/cmake --install /home/kiranraj/robot_ws/build/my_robot_description
[0.069s] -- Install configuration: ""
[0.069s] -- Execute custom install script
[0.069s] -- Up-to-date symlink: /home/kiranraj/robot_ws/install/my_robot_description/share/my_robot_description//urdf/common_properties.xacro
[0.069s] -- Up-to-date symlink: /home/kiranraj/robot_ws/install/my_robot_description/share/my_robot_description//urdf/mobile_base.xacro
[0.069s] -- Up-to-date symlink: /home/kiranraj/robot_ws/install/my_robot_description/share/my_robot_description//urdf/my_robot.urdf.xacro
[0.069s] -- Up-to-date symlink: /home/kiranraj/robot_ws/install/my_robot_description/share/my_robot_description//launch/display.launch.py
[0.069s] -- Up-to-date symlink: /home/kiranraj/robot_ws/install/my_robot_description/share/my_robot_description//launch/display.launch.xml
[0.070s] -- Up-to-date symlink: /home/kiranraj/robot_ws/install/my_robot_description/share/my_robot_description//rviz/urdf_config.rviz
[0.070s] -- Up-to-date symlink: /home/kiranraj/robot_ws/install/my_robot_description/share/ament_index/resource_index/package_run_dependencies/my_robot_description
[0.070s] -- Up-to-date symlink: /home/kiranraj/robot_ws/install/my_robot_description/share/ament_index/resource_index/parent_prefix_path/my_robot_description
[0.070s] -- Up-to-date symlink: /home/kiranraj/robot_ws/install/my_robot_description/share/my_robot_description/environment/ament_prefix_path.sh
[0.070s] -- Up-to-date symlink: /home/kiranraj/robot_ws/install/my_robot_description/share/my_robot_description/environment/ament_prefix_path.dsv
[0.070s] -- Up-to-date symlink: /home/kiranraj/robot_ws/install/my_robot_description/share/my_robot_description/environment/path.sh
[0.070s] -- Up-to-date symlink: /home/kiranraj/robot_ws/install/my_robot_description/share/my_robot_description/environment/path.dsv
[0.070s] -- Up-to-date symlink: /home/kiranraj/robot_ws/install/my_robot_description/share/my_robot_description/local_setup.bash
[0.070s] -- Up-to-date symlink: /home/kiranraj/robot_ws/install/my_robot_description/share/my_robot_description/local_setup.sh
[0.070s] -- Up-to-date symlink: /home/kiranraj/robot_ws/install/my_robot_description/share/my_robot_description/local_setup.zsh
[0.070s] -- Up-to-date symlink: /home/kiranraj/robot_ws/install/my_robot_description/share/my_robot_description/local_setup.dsv
[0.070s] -- Symlinking: /home/kiranraj/robot_ws/install/my_robot_description/share/my_robot_description/package.dsv
[0.078s] -- Up-to-date symlink: /home/kiranraj/robot_ws/install/my_robot_description/share/ament_index/resource_index/packages/my_robot_description
[0.078s] -- Up-to-date symlink: /home/kiranraj/robot_ws/install/my_robot_description/share/my_robot_description/cmake/my_robot_descriptionConfig.cmake
[0.078s] -- Up-to-date symlink: /home/kiranraj/robot_ws/install/my_robot_description/share/my_robot_description/cmake/my_robot_descriptionConfig-version.cmake
[0.078s] -- Up-to-date symlink: /home/kiranraj/robot_ws/install/my_robot_description/share/my_robot_description/package.xml
[0.079s] Invoked command in '/home/kiranraj/robot_ws/build/my_robot_description' returned '0': CMAKE_PREFIX_PATH=${CMAKE_PREFIX_PATH}:/home/kiranraj/ws_moveit2/install/moveit_configs_utils:/home/kiranraj/ws_moveit2/install/launch_param_builder:/home/kiranraj/ros2_ws/install/my_py_pkg:/opt/ros/humble /usr/bin/cmake --install /home/kiranraj/robot_ws/build/my_robot_description
