[0.010s] Invoking command in '/home/kiranraj/robot_ws/build/my_robot_description': CMAKE_PREFIX_PATH=${CMAKE_PREFIX_PATH}:/home/kiranraj/ws_moveit2/install/moveit_configs_utils:/home/kiranraj/ws_moveit2/install/launch_param_builder:/home/kiranraj/ros2_ws/install/my_py_pkg:/opt/ros/humble /usr/bin/cmake /home/kiranraj/robot_ws/src/my_robot_description -DCMAKE_INSTALL_PREFIX=/home/kiranraj/robot_ws/install/my_robot_description
[0.021s] -- Found ament_cmake: 1.3.11 (/opt/ros/humble/share/ament_cmake/cmake)
[0.100s] -- Override CMake install command with custom implementation using symlinks instead of copying resources
[0.147s] -- Configuring done
[0.148s] -- Generating done
[0.149s] -- Build files have been written to: /home/kiranraj/robot_ws/build/my_robot_description
[0.150s] Invoked command in '/home/kiranraj/robot_ws/build/my_robot_description' returned '0': CMAKE_PREFIX_PATH=${CMAKE_PREFIX_PATH}:/home/kiranraj/ws_moveit2/install/moveit_configs_utils:/home/kiranraj/ws_moveit2/install/launch_param_builder:/home/kiranraj/ros2_ws/install/my_py_pkg:/opt/ros/humble /usr/bin/cmake /home/kiranraj/robot_ws/src/my_robot_description -DCMAKE_INSTALL_PREFIX=/home/kiranraj/robot_ws/install/my_robot_description
[0.152s] Invoking command in '/home/kiranraj/robot_ws/build/my_robot_description': CMAKE_PREFIX_PATH=${CMAKE_PREFIX_PATH}:/home/kiranraj/ws_moveit2/install/moveit_configs_utils:/home/kiranraj/ws_moveit2/install/launch_param_builder:/home/kiranraj/ros2_ws/install/my_py_pkg:/opt/ros/humble /usr/bin/cmake --build /home/kiranraj/robot_ws/build/my_robot_description -- -j16 -l16
[0.194s] Invoked command in '/home/kiranraj/robot_ws/build/my_robot_description' returned '0': CMAKE_PREFIX_PATH=${CMAKE_PREFIX_PATH}:/home/kiranraj/ws_moveit2/install/moveit_configs_utils:/home/kiranraj/ws_moveit2/install/launch_param_builder:/home/kiranraj/ros2_ws/install/my_py_pkg:/opt/ros/humble /usr/bin/cmake --build /home/kiranraj/robot_ws/build/my_robot_description -- -j16 -l16
[0.204s] Invoking command in '/home/kiranraj/robot_ws/build/my_robot_description': CMAKE_PREFIX_PATH=${CMAKE_PREFIX_PATH}:/home/kiranraj/ws_moveit2/install/moveit_configs_utils:/home/kiranraj/ws_moveit2/install/launch_param_builder:/home/kiranraj/ros2_ws/install/my_py_pkg:/opt/ros/humble /usr/bin/cmake --install /home/kiranraj/robot_ws/build/my_robot_description
[0.213s] -- Install configuration: ""
[0.213s] -- Execute custom install script
[0.213s] -- Up-to-date symlink: /home/kiranraj/robot_ws/install/my_robot_description/share/my_robot_description//urdf/common_properties.xacro
[0.213s] -- Up-to-date symlink: /home/kiranraj/robot_ws/install/my_robot_description/share/my_robot_description//urdf/mobile_base.xacro
[0.213s] -- Up-to-date symlink: /home/kiranraj/robot_ws/install/my_robot_description/share/my_robot_description//urdf/my_robot.urdf.xacro
[0.213s] -- Up-to-date symlink: /home/kiranraj/robot_ws/install/my_robot_description/share/my_robot_description//launch/display.launch.py
[0.213s] -- Up-to-date symlink: /home/kiranraj/robot_ws/install/my_robot_description/share/my_robot_description//launch/display.launch.xml
[0.213s] -- Up-to-date symlink: /home/kiranraj/robot_ws/install/my_robot_description/share/my_robot_description//rviz/urdf_config.rviz
[0.214s] -- Up-to-date symlink: /home/kiranraj/robot_ws/install/my_robot_description/share/ament_index/resource_index/package_run_dependencies/my_robot_description
[0.214s] -- Up-to-date symlink: /home/kiranraj/robot_ws/install/my_robot_description/share/ament_index/resource_index/parent_prefix_path/my_robot_description
[0.214s] -- Up-to-date symlink: /home/kiranraj/robot_ws/install/my_robot_description/share/my_robot_description/environment/ament_prefix_path.sh
[0.214s] -- Up-to-date symlink: /home/kiranraj/robot_ws/install/my_robot_description/share/my_robot_description/environment/ament_prefix_path.dsv
[0.214s] -- Up-to-date symlink: /home/kiranraj/robot_ws/install/my_robot_description/share/my_robot_description/environment/path.sh
[0.214s] -- Up-to-date symlink: /home/kiranraj/robot_ws/install/my_robot_description/share/my_robot_description/environment/path.dsv
[0.214s] -- Up-to-date symlink: /home/kiranraj/robot_ws/install/my_robot_description/share/my_robot_description/local_setup.bash
[0.214s] -- Up-to-date symlink: /home/kiranraj/robot_ws/install/my_robot_description/share/my_robot_description/local_setup.sh
[0.214s] -- Up-to-date symlink: /home/kiranraj/robot_ws/install/my_robot_description/share/my_robot_description/local_setup.zsh
[0.214s] -- Up-to-date symlink: /home/kiranraj/robot_ws/install/my_robot_description/share/my_robot_description/local_setup.dsv
[0.214s] -- Symlinking: /home/kiranraj/robot_ws/install/my_robot_description/share/my_robot_description/package.dsv
[0.222s] -- Up-to-date symlink: /home/kiranraj/robot_ws/install/my_robot_description/share/ament_index/resource_index/packages/my_robot_description
[0.222s] -- Up-to-date symlink: /home/kiranraj/robot_ws/install/my_robot_description/share/my_robot_description/cmake/my_robot_descriptionConfig.cmake
[0.222s] -- Up-to-date symlink: /home/kiranraj/robot_ws/install/my_robot_description/share/my_robot_description/cmake/my_robot_descriptionConfig-version.cmake
[0.222s] -- Up-to-date symlink: /home/kiranraj/robot_ws/install/my_robot_description/share/my_robot_description/package.xml
[0.223s] Invoked command in '/home/kiranraj/robot_ws/build/my_robot_description' returned '0': CMAKE_PREFIX_PATH=${CMAKE_PREFIX_PATH}:/home/kiranraj/ws_moveit2/install/moveit_configs_utils:/home/kiranraj/ws_moveit2/install/launch_param_builder:/home/kiranraj/ros2_ws/install/my_py_pkg:/opt/ros/humble /usr/bin/cmake --install /home/kiranraj/robot_ws/build/my_robot_description
