[0.011s] Invoking command in '/home/kiranraj/robot_ws/build/my_robot_description': CMAKE_PREFIX_PATH=${CMAKE_PREFIX_PATH}:/home/kiranraj/ws_moveit2/install/moveit_configs_utils:/home/kiranraj/ws_moveit2/install/launch_param_builder:/home/kiranraj/ros2_ws/install/my_py_pkg:/opt/ros/humble /usr/bin/cmake /home/kiranraj/robot_ws/src/my_robot_description -DCMAKE_INSTALL_PREFIX=/home/kiranraj/robot_ws/install/my_robot_description
[0.060s] -- The C compiler identification is GNU 11.4.0
[0.113s] -- The CXX compiler identification is GNU 11.4.0
[0.118s] -- Detecting C compiler ABI info
[0.201s] -- Detecting C compiler ABI info - done
[0.206s] -- Check for working C compiler: /usr/bin/cc - skipped
[0.206s] -- Detecting C compile features
[0.207s] -- Detecting C compile features - done
[0.209s] -- Detecting CXX compiler ABI info
[0.303s] -- Detecting CXX compiler ABI info - done
[0.308s] -- Check for working CXX compiler: /usr/bin/c++ - skipped
[0.309s] -- Detecting CXX compile features
[0.309s] -- Detecting CXX compile features - done
[0.315s] -- Found ament_cmake: 1.3.11 (/opt/ros/humble/share/ament_cmake/cmake)
[0.433s] -- Found Python3: /usr/bin/python3 (found version "3.10.12") found components: Interpreter 
[0.567s] -- Configuring done
[0.568s] -- Generating done
[0.569s] -- Build files have been written to: /home/kiranraj/robot_ws/build/my_robot_description
[0.573s] Invoked command in '/home/kiranraj/robot_ws/build/my_robot_description' returned '0': CMAKE_PREFIX_PATH=${CMAKE_PREFIX_PATH}:/home/kiranraj/ws_moveit2/install/moveit_configs_utils:/home/kiranraj/ws_moveit2/install/launch_param_builder:/home/kiranraj/ros2_ws/install/my_py_pkg:/opt/ros/humble /usr/bin/cmake /home/kiranraj/robot_ws/src/my_robot_description -DCMAKE_INSTALL_PREFIX=/home/kiranraj/robot_ws/install/my_robot_description
[0.573s] Invoking command in '/home/kiranraj/robot_ws/build/my_robot_description': CMAKE_PREFIX_PATH=${CMAKE_PREFIX_PATH}:/home/kiranraj/ws_moveit2/install/moveit_configs_utils:/home/kiranraj/ws_moveit2/install/launch_param_builder:/home/kiranraj/ros2_ws/install/my_py_pkg:/opt/ros/humble /usr/bin/cmake --build /home/kiranraj/robot_ws/build/my_robot_description -- -j16 -l16
[0.619s] Invoked command in '/home/kiranraj/robot_ws/build/my_robot_description' returned '0': CMAKE_PREFIX_PATH=${CMAKE_PREFIX_PATH}:/home/kiranraj/ws_moveit2/install/moveit_configs_utils:/home/kiranraj/ws_moveit2/install/launch_param_builder:/home/kiranraj/ros2_ws/install/my_py_pkg:/opt/ros/humble /usr/bin/cmake --build /home/kiranraj/robot_ws/build/my_robot_description -- -j16 -l16
[0.629s] Invoking command in '/home/kiranraj/robot_ws/build/my_robot_description': CMAKE_PREFIX_PATH=${CMAKE_PREFIX_PATH}:/home/kiranraj/ws_moveit2/install/moveit_configs_utils:/home/kiranraj/ws_moveit2/install/launch_param_builder:/home/kiranraj/ros2_ws/install/my_py_pkg:/opt/ros/humble /usr/bin/cmake --install /home/kiranraj/robot_ws/build/my_robot_description
[0.641s] -- Install configuration: ""
[0.641s] -- Installing: /home/kiranraj/robot_ws/install/my_robot_description/share/my_robot_description//urdf
[0.641s] -- Installing: /home/kiranraj/robot_ws/install/my_robot_description/share/my_robot_description//urdf/my_robot.urdf
[0.641s] -- Installing: /home/kiranraj/robot_ws/install/my_robot_description/share/ament_index/resource_index/package_run_dependencies/my_robot_description
[0.641s] -- Installing: /home/kiranraj/robot_ws/install/my_robot_description/share/ament_index/resource_index/parent_prefix_path/my_robot_description
[0.641s] -- Installing: /home/kiranraj/robot_ws/install/my_robot_description/share/my_robot_description/environment/ament_prefix_path.sh
[0.641s] -- Installing: /home/kiranraj/robot_ws/install/my_robot_description/share/my_robot_description/environment/ament_prefix_path.dsv
[0.642s] -- Installing: /home/kiranraj/robot_ws/install/my_robot_description/share/my_robot_description/environment/path.sh
[0.642s] -- Installing: /home/kiranraj/robot_ws/install/my_robot_description/share/my_robot_description/environment/path.dsv
[0.642s] -- Installing: /home/kiranraj/robot_ws/install/my_robot_description/share/my_robot_description/local_setup.bash
[0.642s] -- Installing: /home/kiranraj/robot_ws/install/my_robot_description/share/my_robot_description/local_setup.sh
[0.642s] -- Installing: /home/kiranraj/robot_ws/install/my_robot_description/share/my_robot_description/local_setup.zsh
[0.642s] -- Installing: /home/kiranraj/robot_ws/install/my_robot_description/share/my_robot_description/local_setup.dsv
[0.642s] -- Installing: /home/kiranraj/robot_ws/install/my_robot_description/share/my_robot_description/package.dsv
[0.643s] -- Installing: /home/kiranraj/robot_ws/install/my_robot_description/share/ament_index/resource_index/packages/my_robot_description
[0.643s] -- Installing: /home/kiranraj/robot_ws/install/my_robot_description/share/my_robot_description/cmake/my_robot_descriptionConfig.cmake
[0.643s] -- Installing: /home/kiranraj/robot_ws/install/my_robot_description/share/my_robot_description/cmake/my_robot_descriptionConfig-version.cmake
[0.643s] -- Installing: /home/kiranraj/robot_ws/install/my_robot_description/share/my_robot_description/package.xml
[0.644s] Invoked command in '/home/kiranraj/robot_ws/build/my_robot_description' returned '0': CMAKE_PREFIX_PATH=${CMAKE_PREFIX_PATH}:/home/kiranraj/ws_moveit2/install/moveit_configs_utils:/home/kiranraj/ws_moveit2/install/launch_param_builder:/home/kiranraj/ros2_ws/install/my_py_pkg:/opt/ros/humble /usr/bin/cmake --install /home/kiranraj/robot_ws/build/my_robot_description
